Sep-16 19:33:51.299 [main] DEBUG nextflow.cli.Launcher - $> nextflow run /home/mahe/Downloads/PhD/DAC_IPAC_details/SURE-Pipe/main.nf --mode group --reference_genome /media/mahe/6140-6CB2/abhishek_data_for_unique_regions/target/GCF_026319265_1_Colletotrichum_chrysophilum.fasta --target_dir /media/mahe/6140-6CB2/abhishek_data_for_unique_regions/target --neighbour_dir /media/mahe/6140-6CB2/abhishek_data_for_unique_regions/non-target/
Sep-16 19:33:51.374 [main] DEBUG nextflow.cli.CmdRun - N E X T F L O W  ~  version 24.10.5
Sep-16 19:33:51.397 [main] DEBUG nextflow.plugin.PluginsFacade - Setting up plugin manager > mode=prod; embedded=false; plugins-dir=/home/mahe/.nextflow/plugins; core-plugins: nf-amazon@2.9.2,nf-azure@1.10.2,nf-cloudcache@0.4.2,nf-codecommit@0.2.2,nf-console@1.1.4,nf-google@1.15.4,nf-tower@1.9.3,nf-wave@1.7.4
Sep-16 19:33:51.421 [main] INFO  o.pf4j.DefaultPluginStatusProvider - Enabled plugins: []
Sep-16 19:33:51.422 [main] INFO  o.pf4j.DefaultPluginStatusProvider - Disabled plugins: []
Sep-16 19:33:51.428 [main] INFO  org.pf4j.DefaultPluginManager - PF4J version 3.12.0 in 'deployment' mode
Sep-16 19:33:51.440 [main] INFO  org.pf4j.AbstractPluginManager - No plugins
Sep-16 19:33:51.467 [main] DEBUG nextflow.config.ConfigBuilder - Found config local: /home/mahe/Downloads/PhD/DAC_IPAC_details/SURE-Pipe/nextflow.config
Sep-16 19:33:51.474 [main] DEBUG nextflow.config.ConfigBuilder - Parsing config file: /home/mahe/Downloads/PhD/DAC_IPAC_details/SURE-Pipe/nextflow.config
Sep-16 19:33:51.509 [main] DEBUG n.secret.LocalSecretsProvider - Secrets store: /home/mahe/.nextflow/secrets/store.json
Sep-16 19:33:51.512 [main] DEBUG nextflow.secret.SecretsLoader - Discovered secrets providers: [nextflow.secret.LocalSecretsProvider@194152cf] - activable => nextflow.secret.LocalSecretsProvider@194152cf
Sep-16 19:33:51.536 [main] DEBUG nextflow.config.ConfigBuilder - Applying config profile: `standard`
Sep-16 19:33:52.127 [main] DEBUG nextflow.cli.CmdRun - Applied DSL=2 from script declaration
Sep-16 19:33:52.143 [main] DEBUG nextflow.cli.CmdRun - Launching `/home/mahe/Downloads/PhD/DAC_IPAC_details/SURE-Pipe/main.nf` [distracted_dubinsky] DSL2 - revision: 4a49e00441
Sep-16 19:33:52.145 [main] DEBUG nextflow.plugin.PluginsFacade - Plugins default=[]
Sep-16 19:33:52.145 [main] DEBUG nextflow.plugin.PluginsFacade - Plugins resolved requirement=[]
Sep-16 19:33:52.197 [main] DEBUG nextflow.Session - Session UUID: 84cdb9b2-0d47-4984-996f-639a968cadcd
Sep-16 19:33:52.198 [main] DEBUG nextflow.Session - Run name: distracted_dubinsky
Sep-16 19:33:52.199 [main] DEBUG nextflow.Session - Executor pool size: 4
Sep-16 19:33:52.209 [main] DEBUG nextflow.file.FilePorter - File porter settings maxRetries=3; maxTransfers=50; pollTimeout=null
Sep-16 19:33:52.215 [main] DEBUG nextflow.util.ThreadPoolBuilder - Creating thread pool 'FileTransfer' minSize=10; maxSize=12; workQueue=LinkedBlockingQueue[-1]; allowCoreThreadTimeout=false
Sep-16 19:33:52.237 [main] DEBUG nextflow.cli.CmdRun - 
  Version: 24.10.5 build 5935
  Created: 04-03-2025 17:55 UTC (23:25 IDT)
  System: Linux 6.9.3-76060903-generic
  Runtime: Groovy 4.0.23 on OpenJDK 64-Bit Server VM 17.0.12+7-Ubuntu-1ubuntu222.04
  Encoding: UTF-8 (UTF-8)
  Process: 2545882@pop-os [127.0.1.1]
  CPUs: 4 - Mem: 15.5 GB (1.9 GB) - Swap: 19.5 GB (17.2 GB)
Sep-16 19:33:52.261 [main] DEBUG nextflow.Session - Work-dir: /home/mahe/Downloads/PhD/DAC_IPAC_details/SURE-Pipe/work [ext2/ext3]
Sep-16 19:33:52.303 [main] DEBUG nextflow.executor.ExecutorFactory - Extension executors providers=[]
Sep-16 19:33:52.324 [main] DEBUG nextflow.Session - Observer factory: DefaultObserverFactory
Sep-16 19:33:52.383 [main] DEBUG nextflow.cache.CacheFactory - Using Nextflow cache factory: nextflow.cache.DefaultCacheFactory
Sep-16 19:33:52.393 [main] DEBUG nextflow.util.CustomThreadPool - Creating default thread pool > poolSize: 5; maxThreads: 1000
Sep-16 19:33:52.728 [main] DEBUG nextflow.Session - Session start
Sep-16 19:33:52.731 [main] DEBUG nextflow.trace.TraceFileObserver - Workflow started -- trace file: /home/mahe/Downloads/PhD/DAC_IPAC_details/SURE-Pipe/results/pipeline_trace.txt
Sep-16 19:33:53.572 [main] DEBUG nextflow.script.ScriptRunner - > Launching execution
Sep-16 19:33:54.786 [main] INFO  nextflow.Nextflow - 
============================================================================================================================================
.oOOOo.  O       o `OooOOo.  o.OOoOoo                       OooOOo.                 
o     o  o       O  o     `o  O                             O     `O               
O.       O       o  O      O  o                             o      O o              
 `OOoo.  o       o  o     .O  ooOO                          O     .o                
      `O o       O  OOooOO'   O             ooooooooo       oOooOO'  O  .oOo. .oOo. 
       o O       O  o    o    o                             o        o  O   o OooO' 
O.    .O `o     Oo  O     O   O                             O        O  o   O O     
 `oooO'   `OoooO'O  O      o ooOooOoO                       o'       o' oOoO' `OoO' 
                                                                        O           
                                                                        o'          
============================================================================================================================================
                🧬 SURE-Pipe: Shared and Unique Region Extraction Pipeline - V.1.0.0 🧬
                
                🛠️  Mode: group
                ⚙️  Modules: all
                📁 Output: results
                🧵 Threads: 4
                🆔 Run ID: distracted_dubinsky
                🕐 Started: 2025-09-16 19:33:54
                
============================================================================================================================================

Sep-16 19:33:54.791 [main] INFO  nextflow.Nextflow - Starting pipeline in group mode
Sep-16 19:33:54.930 [main] INFO  nextflow.Nextflow - Mode: ALL - Running complete pipeline (INTRA → INTER → FILTER → ANALYSIS)
Sep-16 19:33:55.013 [main] DEBUG nextflow.executor.ExecutorFactory - << taskConfig executor: null
Sep-16 19:33:55.013 [main] DEBUG nextflow.executor.ExecutorFactory - >> processorType: 'local'
Sep-16 19:33:55.019 [main] DEBUG nextflow.executor.Executor - [warm up] executor > local
Sep-16 19:33:55.025 [main] DEBUG n.processor.LocalPollingMonitor - Creating local task monitor for executor 'local' > cpus=4; memory=15.5 GB; capacity=4; pollInterval=100ms; dumpInterval=5m
Sep-16 19:33:55.029 [main] DEBUG n.processor.TaskPollingMonitor - >>> barrier register (monitor: local)
Sep-16 19:33:55.089 [main] DEBUG nextflow.executor.ExecutorFactory - << taskConfig executor: null
Sep-16 19:33:55.090 [main] DEBUG nextflow.executor.ExecutorFactory - >> processorType: 'local'
Sep-16 19:33:55.106 [main] DEBUG nextflow.executor.ExecutorFactory - << taskConfig executor: null
Sep-16 19:33:55.106 [main] DEBUG nextflow.executor.ExecutorFactory - >> processorType: 'local'
Sep-16 19:33:55.129 [main] DEBUG nextflow.executor.ExecutorFactory - << taskConfig executor: null
Sep-16 19:33:55.129 [main] DEBUG nextflow.executor.ExecutorFactory - >> processorType: 'local'
Sep-16 19:33:55.184 [main] DEBUG nextflow.executor.ExecutorFactory - << taskConfig executor: null
Sep-16 19:33:55.184 [main] DEBUG nextflow.executor.ExecutorFactory - >> processorType: 'local'
Sep-16 19:33:55.192 [main] DEBUG nextflow.Session - Config process names validation disabled as requested
Sep-16 19:33:55.195 [main] DEBUG nextflow.Session - Igniting dataflow network (19)
Sep-16 19:33:55.198 [main] DEBUG nextflow.processor.TaskProcessor - Starting process > MULTI_GENOME:GENOME_ANALYSIS:INTRA_GENOME_MODULE
Sep-16 19:33:55.203 [main] DEBUG nextflow.processor.TaskProcessor - Starting process > MULTI_GENOME:GENOME_ANALYSIS:INTER_GENOME_MODULE
Sep-16 19:33:55.203 [main] DEBUG nextflow.processor.TaskProcessor - Starting process > MULTI_GENOME:GENOME_ANALYSIS:ALIGNMENT_FILTER_MODULE
Sep-16 19:33:55.204 [main] DEBUG nextflow.processor.TaskProcessor - Starting process > MULTI_GENOME:GENOME_ANALYSIS:UNIQUE_AND_SHARED_GENOME_MODULE
Sep-16 19:33:55.206 [main] DEBUG nextflow.processor.TaskProcessor - Starting process > MULTI_GENOME:GENOME_ANALYSIS:PROCESS_FINAL_RESULTS
Sep-16 19:33:55.207 [main] DEBUG nextflow.script.ScriptRunner - Parsed script files:
  Script_9d5eb49f3f645e74: /home/mahe/Downloads/PhD/DAC_IPAC_details/SURE-Pipe/./workflows/../subworkflows/local/../../modules/local/inter_genome_module.nf
  Script_52433ff7d1b7263a: /home/mahe/Downloads/PhD/DAC_IPAC_details/SURE-Pipe/./workflows/../subworkflows/local/../../modules/local/unique_and_shared_genome_module.nf
  Script_54a7631889da6065: /home/mahe/Downloads/PhD/DAC_IPAC_details/SURE-Pipe/./workflows/../subworkflows/local/genome_analysis.nf
  Script_d526bac34bf02bbd: /home/mahe/Downloads/PhD/DAC_IPAC_details/SURE-Pipe/./workflows/../subworkflows/local/../../modules/local/alignment_filter_module.nf
  Script_b47bf8091e1e9389: /home/mahe/Downloads/PhD/DAC_IPAC_details/SURE-Pipe/./modules/local/pairwise_comparison.nf
  Script_1b80b3bb19c50832: /home/mahe/Downloads/PhD/DAC_IPAC_details/SURE-Pipe/./subworkflows/local/../../modules/local/intra_genome_module.nf
  Script_2bf620bbe77b47bb: /home/mahe/Downloads/PhD/DAC_IPAC_details/SURE-Pipe/main.nf
  Script_9e455899d0c69517: /home/mahe/Downloads/PhD/DAC_IPAC_details/SURE-Pipe/./workflows/multi_genome.nf
Sep-16 19:33:55.208 [main] DEBUG nextflow.script.ScriptRunner - > Awaiting termination 
Sep-16 19:33:55.208 [main] DEBUG nextflow.Session - Session await
Sep-16 19:33:55.355 [Task submitter] DEBUG n.executor.local.LocalTaskHandler - Launch cmd line: /bin/bash -ue .command.run
Sep-16 19:33:55.357 [Task submitter] INFO  nextflow.Session - [20/7a662f] Submitted process > MULTI_GENOME:GENOME_ANALYSIS:INTRA_GENOME_MODULE (Intra genome comparison)
Sep-16 19:34:17.526 [Task monitor] DEBUG n.processor.TaskPollingMonitor - Task completed > TaskHandler[id: 1; name: MULTI_GENOME:GENOME_ANALYSIS:INTRA_GENOME_MODULE (Intra genome comparison); status: COMPLETED; exit: 0; error: -; workDir: /home/mahe/Downloads/PhD/DAC_IPAC_details/SURE-Pipe/work/20/7a662fa519fdd8f7abf4f1cea87d9b]
Sep-16 19:34:17.526 [Task monitor] DEBUG nextflow.util.ThreadPoolBuilder - Creating thread pool 'TaskFinalizer' minSize=10; maxSize=12; workQueue=LinkedBlockingQueue[-1]; allowCoreThreadTimeout=false
Sep-16 19:34:17.536 [TaskFinalizer-1] DEBUG nextflow.processor.TaskProcessor - Process `MULTI_GENOME:GENOME_ANALYSIS:INTRA_GENOME_MODULE (Intra genome comparison)` is unable to find [UnixPath]: `/home/mahe/Downloads/PhD/DAC_IPAC_details/SURE-Pipe/work/20/7a662fa519fdd8f7abf4f1cea87d9b/accessory_genome.fasta` (pattern: `accessory_genome.fasta`)
Sep-16 19:34:17.616 [TaskFinalizer-1] DEBUG nextflow.processor.TaskProcessor - Process MULTI_GENOME:GENOME_ANALYSIS:INTRA_GENOME_MODULE > Skipping output binding because one or more optional files are missing: fileoutparam<1>
Sep-16 19:34:17.617 [TaskFinalizer-1] DEBUG nextflow.processor.TaskProcessor - Process MULTI_GENOME:GENOME_ANALYSIS:INTRA_GENOME_MODULE > Skipping output binding because one or more optional files are missing: fileoutparam<2>
Sep-16 19:34:17.680 [Task submitter] DEBUG n.executor.local.LocalTaskHandler - Launch cmd line: /bin/bash -ue .command.run
Sep-16 19:34:17.683 [Task submitter] INFO  nextflow.Session - [32/b93857] Submitted process > MULTI_GENOME:GENOME_ANALYSIS:INTER_GENOME_MODULE (Inter genome analysis)
Sep-16 19:37:18.920 [Task monitor] DEBUG n.processor.TaskPollingMonitor - Task completed > TaskHandler[id: 2; name: MULTI_GENOME:GENOME_ANALYSIS:INTER_GENOME_MODULE (Inter genome analysis); status: COMPLETED; exit: 0; error: -; workDir: /home/mahe/Downloads/PhD/DAC_IPAC_details/SURE-Pipe/work/32/b93857bdee2013e5eb5fa2668f256f]
Sep-16 19:37:18.989 [Task submitter] DEBUG n.executor.local.LocalTaskHandler - Launch cmd line: /bin/bash -ue .command.run
Sep-16 19:37:18.990 [Task submitter] INFO  nextflow.Session - [24/39faf4] Submitted process > MULTI_GENOME:GENOME_ANALYSIS:ALIGNMENT_FILTER_MODULE (Alignment filtering process)
Sep-16 19:37:25.213 [Task monitor] DEBUG n.processor.TaskPollingMonitor - Task completed > TaskHandler[id: 3; name: MULTI_GENOME:GENOME_ANALYSIS:ALIGNMENT_FILTER_MODULE (Alignment filtering process); status: COMPLETED; exit: 0; error: -; workDir: /home/mahe/Downloads/PhD/DAC_IPAC_details/SURE-Pipe/work/24/39faf4bbc27cc5f69114b441cc901b]
Sep-16 19:37:25.251 [Task submitter] DEBUG n.executor.local.LocalTaskHandler - Launch cmd line: /bin/bash -ue .command.run
Sep-16 19:37:25.255 [Task submitter] INFO  nextflow.Session - [53/10c266] Submitted process > MULTI_GENOME:GENOME_ANALYSIS:UNIQUE_AND_SHARED_GENOME_MODULE (unique and shared genome module)
Sep-16 19:38:55.218 [Task monitor] DEBUG n.processor.TaskPollingMonitor - !! executor local > tasks to be completed: 1 -- submitted tasks are shown below
~> TaskHandler[id: 4; name: MULTI_GENOME:GENOME_ANALYSIS:UNIQUE_AND_SHARED_GENOME_MODULE (unique and shared genome module); status: RUNNING; exit: -; error: -; workDir: /home/mahe/Downloads/PhD/DAC_IPAC_details/SURE-Pipe/work/53/10c266d3c373b4fc3dfa408163baee]
Sep-16 19:40:16.013 [Task monitor] DEBUG n.processor.TaskPollingMonitor - Task completed > TaskHandler[id: 4; name: MULTI_GENOME:GENOME_ANALYSIS:UNIQUE_AND_SHARED_GENOME_MODULE (unique and shared genome module); status: COMPLETED; exit: 0; error: -; workDir: /home/mahe/Downloads/PhD/DAC_IPAC_details/SURE-Pipe/work/53/10c266d3c373b4fc3dfa408163baee]
Sep-16 19:40:16.059 [Task submitter] DEBUG n.executor.local.LocalTaskHandler - Launch cmd line: /bin/bash -ue .command.run
Sep-16 19:40:16.060 [Task submitter] INFO  nextflow.Session - [61/f35f31] Submitted process > MULTI_GENOME:GENOME_ANALYSIS:PROCESS_FINAL_RESULTS
Sep-16 19:40:16.199 [Task monitor] DEBUG n.processor.TaskPollingMonitor - Task completed > TaskHandler[id: 5; name: MULTI_GENOME:GENOME_ANALYSIS:PROCESS_FINAL_RESULTS; status: COMPLETED; exit: 0; error: -; workDir: /home/mahe/Downloads/PhD/DAC_IPAC_details/SURE-Pipe/work/61/f35f3160a0836f415c2c44d931e8b8]
Sep-16 19:40:16.293 [TaskFinalizer-5] DEBUG nextflow.util.ThreadPoolBuilder - Creating thread pool 'PublishDir' minSize=10; maxSize=12; workQueue=LinkedBlockingQueue[-1]; allowCoreThreadTimeout=false
Sep-16 19:40:16.298 [main] DEBUG nextflow.Session - Session await > all processes finished
Sep-16 19:40:16.301 [Task monitor] DEBUG n.processor.TaskPollingMonitor - <<< barrier arrives (monitor: local) - terminating tasks monitor poll loop
Sep-16 19:40:16.304 [main] DEBUG nextflow.Session - Session await > all barriers passed
Sep-16 19:40:16.309 [main] DEBUG nextflow.util.ThreadPoolManager - Thread pool 'TaskFinalizer' shutdown completed (hard=false)
Sep-16 19:40:16.580 [main] DEBUG nextflow.util.ThreadPoolManager - Thread pool 'PublishDir' shutdown completed (hard=false)
Sep-16 19:40:17.762 [main] INFO  nextflow.Nextflow - Pipeline completed at: 2025-09-16T19:40:16.580757287+05:30
Sep-16 19:40:18.501 [main] INFO  nextflow.Nextflow - Execution status: OK
Sep-16 19:40:18.504 [main] INFO  nextflow.Nextflow - Execution duration: 6m 24s
Sep-16 19:40:18.508 [main] DEBUG n.trace.WorkflowStatsObserver - Workflow completed > WorkflowStats[succeededCount=5; failedCount=0; ignoredCount=0; cachedCount=0; pendingCount=0; submittedCount=0; runningCount=0; retriesCount=0; abortedCount=0; succeedDuration=25m 2s; failedDuration=0ms; cachedDuration=0ms;loadCpus=0; loadMemory=0; peakRunning=1; peakCpus=4; peakMemory=0; ]
Sep-16 19:40:18.508 [main] DEBUG nextflow.trace.TraceFileObserver - Workflow completed -- saving trace file
Sep-16 19:40:18.518 [main] DEBUG nextflow.trace.ReportObserver - Workflow completed -- rendering execution report
Sep-16 19:40:18.994 [main] DEBUG nextflow.trace.TimelineObserver - Workflow completed -- rendering execution timeline
Sep-16 19:40:20.137 [main] DEBUG nextflow.cache.CacheDB - Closing CacheDB done
Sep-16 19:40:20.197 [main] DEBUG nextflow.util.ThreadPoolManager - Thread pool 'FileTransfer' shutdown completed (hard=false)
Sep-16 19:40:20.197 [main] DEBUG nextflow.script.ScriptRunner - > Execution complete -- Goodbye
